have_func: checking for rb_thread_blocking_region()... -------------------- yes

"gcc -o conftest.exe -Id:/PortableJekyll/x86/ruby/include/ruby-2.0.0/i386-mingw32 -Id:/PortableJekyll/x86/ruby/include/ruby-2.0.0/ruby/backward -Id:/PortableJekyll/x86/ruby/include/ruby-2.0.0 -I. -DFD_SETSIZE=2048 -D_WIN32_WINNT=0x0501 -D_FILE_OFFSET_BITS=64   -O3 -fno-omit-frame-pointer -fno-fast-math -g -Wall -Wextra -Wno-unused-parameter -Wno-parentheses -Wno-long-long -Wno-missing-field-initializers -Wunused-variable -Wpointer-arith -Wwrite-strings -Wdeclaration-after-statement -Wimplicit-function-declaration conftest.c  -L. -Ld:/PortableJekyll/x86/ruby/lib -L.      -lmsvcrt-ruby200  -lshell32 -lws2_32 -limagehlp -lshlwapi  "
checked program was:
/* begin */
1: #include "ruby.h"
2: 
3: #include <winsock2.h>
4: #include <windows.h>
5: int main(int argc, char **argv)
6: {
7:   return 0;
8: }
/* end */

"gcc -o conftest.exe -Id:/PortableJekyll/x86/ruby/include/ruby-2.0.0/i386-mingw32 -Id:/PortableJekyll/x86/ruby/include/ruby-2.0.0/ruby/backward -Id:/PortableJekyll/x86/ruby/include/ruby-2.0.0 -I. -DFD_SETSIZE=2048 -D_WIN32_WINNT=0x0501 -D_FILE_OFFSET_BITS=64   -O3 -fno-omit-frame-pointer -fno-fast-math -g -Wall -Wextra -Wno-unused-parameter -Wno-parentheses -Wno-long-long -Wno-missing-field-initializers -Wunused-variable -Wpointer-arith -Wwrite-strings -Wdeclaration-after-statement -Wimplicit-function-declaration conftest.c  -L. -Ld:/PortableJekyll/x86/ruby/lib -L.      -lmsvcrt-ruby200  -lshell32 -lws2_32 -limagehlp -lshlwapi  "
conftest.c: In function 't':
conftest.c:8:1: warning: 'rb_thread_blocking_region' is deprecated (declared at d:/PortableJekyll/x86/ruby/include/ruby-2.0.0/ruby/intern.h:839) [-Wdeprecated-declarations]
conftest.c:8:32: warning: variable 'p' set but not used [-Wunused-but-set-variable]
checked program was:
/* begin */
 1: #include "ruby.h"
 2: 
 3: #include <winsock2.h>
 4: #include <windows.h>
 5: 
 6: /*top*/
 7: extern int t(void);
 8: int t(void) { void ((*volatile p)()); p = (void ((*)()))rb_thread_blocking_region; return 0; }
 9: int main(int argc, char **argv)
10: {
11:   if (argc > 1000000) {
12:     printf("%p", &t);
13:   }
14: 
15:   return 0;
16: }
/* end */

--------------------

have_header: checking for sys/select.h... -------------------- no

"gcc -E -Id:/PortableJekyll/x86/ruby/include/ruby-2.0.0/i386-mingw32 -Id:/PortableJekyll/x86/ruby/include/ruby-2.0.0/ruby/backward -Id:/PortableJekyll/x86/ruby/include/ruby-2.0.0 -I. -DFD_SETSIZE=2048 -D_WIN32_WINNT=0x0501 -D_FILE_OFFSET_BITS=64   -O3 -fno-omit-frame-pointer -fno-fast-math -g -Wall -Wextra -Wno-unused-parameter -Wno-parentheses -Wno-long-long -Wno-missing-field-initializers -Wunused-variable -Wpointer-arith -Wwrite-strings -Wdeclaration-after-statement -Wimplicit-function-declaration  conftest.c -o conftest.i"
conftest.c:5:24: fatal error: sys/select.h: No such file or directory
compilation terminated.
checked program was:
/* begin */
1: #include "ruby.h"
2: 
3: #include <winsock2.h>
4: #include <windows.h>
5: #include <sys/select.h>
/* end */

--------------------

have_header: checking for poll.h... -------------------- no

"gcc -E -Id:/PortableJekyll/x86/ruby/include/ruby-2.0.0/i386-mingw32 -Id:/PortableJekyll/x86/ruby/include/ruby-2.0.0/ruby/backward -Id:/PortableJekyll/x86/ruby/include/ruby-2.0.0 -I. -DFD_SETSIZE=2048 -D_WIN32_WINNT=0x0501 -D_FILE_OFFSET_BITS=64   -O3 -fno-omit-frame-pointer -fno-fast-math -g -Wall -Wextra -Wno-unused-parameter -Wno-parentheses -Wno-long-long -Wno-missing-field-initializers -Wunused-variable -Wpointer-arith -Wwrite-strings -Wdeclaration-after-statement -Wimplicit-function-declaration  conftest.c -o conftest.i"
conftest.c:5:18: fatal error: poll.h: No such file or directory
compilation terminated.
checked program was:
/* begin */
1: #include "ruby.h"
2: 
3: #include <winsock2.h>
4: #include <windows.h>
5: #include <poll.h>
/* end */

--------------------

have_header: checking for sys/epoll.h... -------------------- no

"gcc -E -Id:/PortableJekyll/x86/ruby/include/ruby-2.0.0/i386-mingw32 -Id:/PortableJekyll/x86/ruby/include/ruby-2.0.0/ruby/backward -Id:/PortableJekyll/x86/ruby/include/ruby-2.0.0 -I. -DFD_SETSIZE=2048 -D_WIN32_WINNT=0x0501 -D_FILE_OFFSET_BITS=64   -O3 -fno-omit-frame-pointer -fno-fast-math -g -Wall -Wextra -Wno-unused-parameter -Wno-parentheses -Wno-long-long -Wno-missing-field-initializers -Wunused-variable -Wpointer-arith -Wwrite-strings -Wdeclaration-after-statement -Wimplicit-function-declaration  conftest.c -o conftest.i"
conftest.c:5:23: fatal error: sys/epoll.h: No such file or directory
compilation terminated.
checked program was:
/* begin */
1: #include "ruby.h"
2: 
3: #include <winsock2.h>
4: #include <windows.h>
5: #include <sys/epoll.h>
/* end */

--------------------

have_header: checking for sys/event.h... -------------------- no

"gcc -E -Id:/PortableJekyll/x86/ruby/include/ruby-2.0.0/i386-mingw32 -Id:/PortableJekyll/x86/ruby/include/ruby-2.0.0/ruby/backward -Id:/PortableJekyll/x86/ruby/include/ruby-2.0.0 -I. -DFD_SETSIZE=2048 -D_WIN32_WINNT=0x0501 -D_FILE_OFFSET_BITS=64   -O3 -fno-omit-frame-pointer -fno-fast-math -g -Wall -Wextra -Wno-unused-parameter -Wno-parentheses -Wno-long-long -Wno-missing-field-initializers -Wunused-variable -Wpointer-arith -Wwrite-strings -Wdeclaration-after-statement -Wimplicit-function-declaration  conftest.c -o conftest.i"
conftest.c:5:23: fatal error: sys/event.h: No such file or directory
compilation terminated.
checked program was:
/* begin */
1: #include "ruby.h"
2: 
3: #include <winsock2.h>
4: #include <windows.h>
5: #include <sys/event.h>
/* end */

--------------------

have_header: checking for port.h... -------------------- no

"gcc -E -Id:/PortableJekyll/x86/ruby/include/ruby-2.0.0/i386-mingw32 -Id:/PortableJekyll/x86/ruby/include/ruby-2.0.0/ruby/backward -Id:/PortableJekyll/x86/ruby/include/ruby-2.0.0 -I. -DFD_SETSIZE=2048 -D_WIN32_WINNT=0x0501 -D_FILE_OFFSET_BITS=64   -O3 -fno-omit-frame-pointer -fno-fast-math -g -Wall -Wextra -Wno-unused-parameter -Wno-parentheses -Wno-long-long -Wno-missing-field-initializers -Wunused-variable -Wpointer-arith -Wwrite-strings -Wdeclaration-after-statement -Wimplicit-function-declaration  conftest.c -o conftest.i"
conftest.c:5:18: fatal error: port.h: No such file or directory
compilation terminated.
checked program was:
/* begin */
1: #include "ruby.h"
2: 
3: #include <winsock2.h>
4: #include <windows.h>
5: #include <port.h>
/* end */

--------------------

have_header: checking for sys/resource.h... -------------------- no

"gcc -E -Id:/PortableJekyll/x86/ruby/include/ruby-2.0.0/i386-mingw32 -Id:/PortableJekyll/x86/ruby/include/ruby-2.0.0/ruby/backward -Id:/PortableJekyll/x86/ruby/include/ruby-2.0.0 -I. -DFD_SETSIZE=2048 -D_WIN32_WINNT=0x0501 -D_FILE_OFFSET_BITS=64   -O3 -fno-omit-frame-pointer -fno-fast-math -g -Wall -Wextra -Wno-unused-parameter -Wno-parentheses -Wno-long-long -Wno-missing-field-initializers -Wunused-variable -Wpointer-arith -Wwrite-strings -Wdeclaration-after-statement -Wimplicit-function-declaration  conftest.c -o conftest.i"
conftest.c:5:26: fatal error: sys/resource.h: No such file or directory
compilation terminated.
checked program was:
/* begin */
1: #include "ruby.h"
2: 
3: #include <winsock2.h>
4: #include <windows.h>
5: #include <sys/resource.h>
/* end */

--------------------

