find_executable: checking for curl-config... -------------------- no

--------------------

have_library: checking for main() in -lcurl... -------------------- no

"gcc -o conftest.exe -Id:/tools/PortableJekyll/x86/ruby/include/ruby-2.0.0/i386-mingw32 -Id:/tools/PortableJekyll/x86/ruby/include/ruby-2.0.0/ruby/backward -Id:/tools/PortableJekyll/x86/ruby/include/ruby-2.0.0 -I. -DFD_SETSIZE=2048 -D_WIN32_WINNT=0x0501 -D_FILE_OFFSET_BITS=64   -O3 -fno-omit-frame-pointer -fno-fast-math -g -Wall -Wextra -Wno-unused-parameter -Wno-parentheses -Wno-long-long -Wno-missing-field-initializers -Wunused-variable -Wpointer-arith -Wwrite-strings -Wdeclaration-after-statement -Wimplicit-function-declaration conftest.c  -L. -Ld:/tools/PortableJekyll/x86/ruby/lib -L.      -lmsvcrt-ruby200  -lshell32 -lws2_32 -limagehlp -lshlwapi  "
checked program was:
/* begin */
1: #include "ruby.h"
2: 
3: #include <winsock2.h>
4: #include <windows.h>
5: int main(int argc, char **argv)
6: {
7:   return 0;
8: }
/* end */

"gcc -o conftest.exe -Id:/tools/PortableJekyll/x86/ruby/include/ruby-2.0.0/i386-mingw32 -Id:/tools/PortableJekyll/x86/ruby/include/ruby-2.0.0/ruby/backward -Id:/tools/PortableJekyll/x86/ruby/include/ruby-2.0.0 -I. -DFD_SETSIZE=2048 -D_WIN32_WINNT=0x0501 -D_FILE_OFFSET_BITS=64   -O3 -fno-omit-frame-pointer -fno-fast-math -g -Wall -Wextra -Wno-unused-parameter -Wno-parentheses -Wno-long-long -Wno-missing-field-initializers -Wunused-variable -Wpointer-arith -Wwrite-strings -Wdeclaration-after-statement -Wimplicit-function-declaration conftest.c  -L. -Ld:/tools/PortableJekyll/x86/ruby/lib -L.      -lmsvcrt-ruby200 -lcurl  -lshell32 -lws2_32 -limagehlp -lshlwapi  "
conftest.c: In function 't':
conftest.c:8:57: error: 'main' undeclared (first use in this function)
conftest.c:8:57: note: each undeclared identifier is reported only once for each function it appears in
conftest.c:8:32: warning: variable 'p' set but not used [-Wunused-but-set-variable]
checked program was:
/* begin */
 1: #include "ruby.h"
 2: 
 3: #include <winsock2.h>
 4: #include <windows.h>
 5: 
 6: /*top*/
 7: extern int t(void);
 8: int t(void) { void ((*volatile p)()); p = (void ((*)()))main; return 0; }
 9: int main(int argc, char **argv)
10: {
11:   if (argc > 1000000) {
12:     printf("%p", &t);
13:   }
14: 
15:   return 0;
16: }
/* end */

"gcc -o conftest.exe -Id:/tools/PortableJekyll/x86/ruby/include/ruby-2.0.0/i386-mingw32 -Id:/tools/PortableJekyll/x86/ruby/include/ruby-2.0.0/ruby/backward -Id:/tools/PortableJekyll/x86/ruby/include/ruby-2.0.0 -I. -DFD_SETSIZE=2048 -D_WIN32_WINNT=0x0501 -D_FILE_OFFSET_BITS=64   -O3 -fno-omit-frame-pointer -fno-fast-math -g -Wall -Wextra -Wno-unused-parameter -Wno-parentheses -Wno-long-long -Wno-missing-field-initializers -Wunused-variable -Wpointer-arith -Wwrite-strings -Wdeclaration-after-statement -Wimplicit-function-declaration conftest.c  -L. -Ld:/tools/PortableJekyll/x86/ruby/lib -L.      -lmsvcrt-ruby200 -lcurl  -lshell32 -lws2_32 -limagehlp -lshlwapi  "
conftest.c: In function 't':
conftest.c:8:1: warning: implicit declaration of function 'main' [-Wimplicit-function-declaration]
d:/tools/portablejekyll/x86/devkit/mingw/bin/../lib/gcc/i686-w64-mingw32/4.7.2/../../../../i686-w64-mingw32/bin/ld.exe: cannot find -lcurl
collect2.exe: error: ld returned 1 exit status
checked program was:
/* begin */
 1: #include "ruby.h"
 2: 
 3: #include <winsock2.h>
 4: #include <windows.h>
 5: 
 6: /*top*/
 7: extern int t(void);
 8: int t(void) { main(); return 0; }
 9: int main(int argc, char **argv)
10: {
11:   if (argc > 1000000) {
12:     printf("%p", &t);
13:   }
14: 
15:   return 0;
16: }
/* end */

--------------------

